build/outputs/logs/manifest-merger-debug-report.txt
-- Merging decision tree log ---
manifest
ADDED from demo\normaldemo\AndroidManifest.xml:2:1-100:13
	package
		ADDED from demo\normaldemo\AndroidManifest.xml:2:11-45
	android:versionName
		ADDED from demo\normaldemo\AndroidManifest.xml:5:11-38
		INJECTED from demo\normaldemo\AndroidManifest.xml
		INJECTED from demo\normaldemo\AndroidManifest.xml
	android:versionCode
		ADDED from demo\normaldemo\AndroidManifest.xml:4:11-36
		INJECTED from demo\normaldemo\AndroidManifest.xml
		INJECTED from demo\normaldemo\AndroidManifest.xml
	xmlns:android
		ADDED from demo\normaldemo\AndroidManifest.xml:3:11-69
uses-sdk
ADDED from demo\normaldemo\AndroidManifest.xml:7:2-9:35
MERGED from [com.android.support:support-v4:25.3.1] AndroidManifest.xml:21:5-23:54
MERGED from [com.android.support:support-fragment:25.3.1] AndroidManifest.xml:21:5-23:60
MERGED from [com.android.support:support-media-compat:25.3.1] AndroidManifest.xml:21:5-23:63
MERGED from [com.android.support:support-core-ui:25.3.1] AndroidManifest.xml:21:5-23:58
MERGED from [com.android.support:support-core-utils:25.3.1] AndroidManifest.xml:21:5-23:61
MERGED from [com.android.support:support-compat:25.3.1] AndroidManifest.xml:21:5-23:58
	tools:overrideLibrary
		ADDED from [com.android.support:support-v4:25.3.1] AndroidManifest.xml:23:9-51
	android:targetSdkVersion
		ADDED from demo\normaldemo\AndroidManifest.xml:9:3-32
	android:minSdkVersion
		ADDED from demo\normaldemo\AndroidManifest.xml:8:3-28
application
ADDED from demo\normaldemo\AndroidManifest.xml:11:2-99:17
MERGED from [:YoumiSdk_v7.5.0_2017-07-18:] AndroidManifest.xml:22:2-47:17
MERGED from [com.android.support:support-v4:25.3.1] AndroidManifest.xml:29:5-20
MERGED from [com.android.support:support-fragment:25.3.1] AndroidManifest.xml:29:5-20
MERGED from [com.android.support:support-media-compat:25.3.1] AndroidManifest.xml:29:5-20
MERGED from [com.android.support:support-core-ui:25.3.1] AndroidManifest.xml:29:5-20
MERGED from [com.android.support:support-core-utils:25.3.1] AndroidManifest.xml:29:5-20
MERGED from [com.android.support:support-compat:25.3.1] AndroidManifest.xml:29:5-20
	android:label
		ADDED from demo\normaldemo\AndroidManifest.xml:15:3-35
	android:hardwareAccelerated
		ADDED from demo\normaldemo\AndroidManifest.xml:13:3-37
	android:allowBackup
		ADDED from demo\normaldemo\AndroidManifest.xml:12:3-29
	android:icon
		ADDED from demo\normaldemo\AndroidManifest.xml:14:3-32
	android:theme
		ADDED from demo\normaldemo\AndroidManifest.xml:16:3-34
activity#com.youmi.android.addemo.BaseActivity
ADDED from demo\normaldemo\AndroidManifest.xml:18:3-19:15
	android:name
		ADDED from demo\normaldemo\AndroidManifest.xml:18:13-41
activity#com.youmi.android.addemo.SplashActivity
ADDED from demo\normaldemo\AndroidManifest.xml:21:3-31:15
	android:screenOrientation
		ADDED from demo\normaldemo\AndroidManifest.xml:25:4-40
	android:label
		ADDED from demo\normaldemo\AndroidManifest.xml:24:4-36
	android:configChanges
		ADDED from demo\normaldemo\AndroidManifest.xml:23:4-87
	android:name
		ADDED from demo\normaldemo\AndroidManifest.xml:22:4-34
intent-filter#android.intent.action.MAIN+android.intent.category.LAUNCHER
ADDED from demo\normaldemo\AndroidManifest.xml:26:4-30:21
action#android.intent.action.MAIN
ADDED from demo\normaldemo\AndroidManifest.xml:27:5-57
	android:name
		ADDED from demo\normaldemo\AndroidManifest.xml:27:13-54
category#android.intent.category.LAUNCHER
ADDED from demo\normaldemo\AndroidManifest.xml:29:5-65
	android:name
		ADDED from demo\normaldemo\AndroidManifest.xml:29:15-62
activity#com.youmi.android.addemo.MainActivity
ADDED from demo\normaldemo\AndroidManifest.xml:33:3-37:15
	android:label
		ADDED from demo\normaldemo\AndroidManifest.xml:36:4-36
	android:configChanges
		ADDED from demo\normaldemo\AndroidManifest.xml:35:4-87
	android:name
		ADDED from demo\normaldemo\AndroidManifest.xml:34:4-32
activity#com.youmi.android.addemo.SpotAdActivity
ADDED from demo\normaldemo\AndroidManifest.xml:39:3-43:15
	android:label
		ADDED from demo\normaldemo\AndroidManifest.xml:42:4-36
	android:configChanges
		ADDED from demo\normaldemo\AndroidManifest.xml:41:4-87
	android:name
		ADDED from demo\normaldemo\AndroidManifest.xml:40:4-34
activity#com.youmi.android.addemo.SlideableSpotAdActivity
ADDED from demo\normaldemo\AndroidManifest.xml:45:3-49:15
	android:label
		ADDED from demo\normaldemo\AndroidManifest.xml:48:4-36
	android:configChanges
		ADDED from demo\normaldemo\AndroidManifest.xml:47:4-87
	android:name
		ADDED from demo\normaldemo\AndroidManifest.xml:46:4-43
activity#com.youmi.android.addemo.NativeSpotAdActivity
ADDED from demo\normaldemo\AndroidManifest.xml:51:3-55:15
	android:label
		ADDED from demo\normaldemo\AndroidManifest.xml:54:4-36
	android:configChanges
		ADDED from demo\normaldemo\AndroidManifest.xml:53:4-87
	android:name
		ADDED from demo\normaldemo\AndroidManifest.xml:52:4-40
activity#com.youmi.android.addemo.VideoAdActivity
ADDED from demo\normaldemo\AndroidManifest.xml:57:3-63:15
	android:screenOrientation
		ADDED from demo\normaldemo\AndroidManifest.xml:62:4-40
	android:label
		ADDED from demo\normaldemo\AndroidManifest.xml:60:4-36
	android:resizeableActivity
		ADDED from demo\normaldemo\AndroidManifest.xml:61:4-38
	android:configChanges
		ADDED from demo\normaldemo\AndroidManifest.xml:59:4-87
	android:name
		ADDED from demo\normaldemo\AndroidManifest.xml:58:4-35
activity#com.youmi.android.addemo.NativeVideoAdActivity
ADDED from demo\normaldemo\AndroidManifest.xml:65:3-70:15
	android:screenOrientation
		ADDED from demo\normaldemo\AndroidManifest.xml:69:4-40
	android:label
		ADDED from demo\normaldemo\AndroidManifest.xml:68:4-36
	android:configChanges
		ADDED from demo\normaldemo\AndroidManifest.xml:67:4-87
	android:name
		ADDED from demo\normaldemo\AndroidManifest.xml:66:4-41
activity#net.youmi.android.nm.vdo.VideoActivity
ADDED from demo\normaldemo\AndroidManifest.xml:73:3-80:15
	android:screenOrientation
		ADDED from demo\normaldemo\AndroidManifest.xml:77:4-41
	android:resizeableActivity
		ADDED from demo\normaldemo\AndroidManifest.xml:76:4-38
	android:configChanges
		ADDED from demo\normaldemo\AndroidManifest.xml:75:4-87
	android:theme
		ADDED from demo\normaldemo\AndroidManifest.xml:79:4-51
	android:taskAffinity
		ADDED from demo\normaldemo\AndroidManifest.xml:78:4-27
	android:name
		ADDED from demo\normaldemo\AndroidManifest.xml:74:4-57
provider#android.support.v4.content.FileProvider
ADDED from demo\normaldemo\AndroidManifest.xml:83:3-91:15
	android:authorities
		ADDED from demo\normaldemo\AndroidManifest.xml:85:4-63
	android:grantUriPermissions
		ADDED from demo\normaldemo\AndroidManifest.xml:87:4-38
	android:exported
		ADDED from demo\normaldemo\AndroidManifest.xml:86:4-28
	android:name
		ADDED from demo\normaldemo\AndroidManifest.xml:84:4-58
meta-data#android.support.FILE_PROVIDER_PATHS
ADDED from demo\normaldemo\AndroidManifest.xml:88:4-90:45
	android:resource
		ADDED from demo\normaldemo\AndroidManifest.xml:90:5-42
	android:name
		ADDED from demo\normaldemo\AndroidManifest.xml:89:5-55
meta-data#YOUMI_CHANNEL
ADDED from demo\normaldemo\AndroidManifest.xml:94:3-97:16
	android:value
		ADDED from demo\normaldemo\AndroidManifest.xml:96:4-21
	android:name
		ADDED from demo\normaldemo\AndroidManifest.xml:95:4-32
uses-permission#android.permission.INTERNET
ADDED from [:YoumiSdk_v7.5.0_2017-07-18:] AndroidManifest.xml:6:2-64
	android:name
		ADDED from [:YoumiSdk_v7.5.0_2017-07-18:] AndroidManifest.xml:6:19-61
uses-permission#android.permission.READ_PHONE_STATE
ADDED from [:YoumiSdk_v7.5.0_2017-07-18:] AndroidManifest.xml:7:2-72
IMPLIED from demo\normaldemo\AndroidManifest.xml:2:1-100:13 reason: net.youmi.android has a targetSdkVersion < 4
	android:name
		ADDED from [:YoumiSdk_v7.5.0_2017-07-18:] AndroidManifest.xml:7:19-69
uses-permission#android.permission.ACCESS_NETWORK_STATE
ADDED from [:YoumiSdk_v7.5.0_2017-07-18:] AndroidManifest.xml:8:2-76
	android:name
		ADDED from [:YoumiSdk_v7.5.0_2017-07-18:] AndroidManifest.xml:8:19-73
uses-permission#android.permission.ACCESS_WIFI_STATE
ADDED from [:YoumiSdk_v7.5.0_2017-07-18:] AndroidManifest.xml:9:2-73
	android:name
		ADDED from [:YoumiSdk_v7.5.0_2017-07-18:] AndroidManifest.xml:9:19-70
uses-permission#android.permission.WRITE_EXTERNAL_STORAGE
ADDED from [:YoumiSdk_v7.5.0_2017-07-18:] AndroidManifest.xml:10:2-78
IMPLIED from demo\normaldemo\AndroidManifest.xml:2:1-100:13 reason: net.youmi.android has a targetSdkVersion < 4
	android:name
		ADDED from [:YoumiSdk_v7.5.0_2017-07-18:] AndroidManifest.xml:10:19-75
uses-permission#android.permission.GET_TASKS
ADDED from [:YoumiSdk_v7.5.0_2017-07-18:] AndroidManifest.xml:12:2-14:32
	android:maxSdkVersion
		ADDED from [:YoumiSdk_v7.5.0_2017-07-18:] AndroidManifest.xml:14:3-29
	android:name
		ADDED from [:YoumiSdk_v7.5.0_2017-07-18:] AndroidManifest.xml:13:3-46
uses-permission#android.permission.PACKAGE_USAGE_STATS
ADDED from [:YoumiSdk_v7.5.0_2017-07-18:] AndroidManifest.xml:15:2-17:41
	tools:ignore
		ADDED from [:YoumiSdk_v7.5.0_2017-07-18:] AndroidManifest.xml:17:3-38
	android:name
		ADDED from [:YoumiSdk_v7.5.0_2017-07-18:] AndroidManifest.xml:16:3-56
uses-permission#com.android.launcher.permission.INSTALL_SHORTCUT
ADDED from [:YoumiSdk_v7.5.0_2017-07-18:] AndroidManifest.xml:20:2-85
	android:name
		ADDED from [:YoumiSdk_v7.5.0_2017-07-18:] AndroidManifest.xml:20:19-82
activity#net.youmi.android.AdBrowser
ADDED from [:YoumiSdk_v7.5.0_2017-07-18:] AndroidManifest.xml:23:3-29:15
	android:resizeableActivity
		ADDED from [:YoumiSdk_v7.5.0_2017-07-18:] AndroidManifest.xml:26:4-38
	android:configChanges
		ADDED from [:YoumiSdk_v7.5.0_2017-07-18:] AndroidManifest.xml:25:4-106
	tools:targetApi
		ADDED from [:YoumiSdk_v7.5.0_2017-07-18:] AndroidManifest.xml:28:4-23
	android:theme
		ADDED from [:YoumiSdk_v7.5.0_2017-07-18:] AndroidManifest.xml:27:4-57
	android:name
		ADDED from [:YoumiSdk_v7.5.0_2017-07-18:] AndroidManifest.xml:24:4-46
service#net.youmi.android.AdService
ADDED from [:YoumiSdk_v7.5.0_2017-07-18:] AndroidManifest.xml:31:3-34:14
	android:exported
		ADDED from [:YoumiSdk_v7.5.0_2017-07-18:] AndroidManifest.xml:33:4-28
	android:name
		ADDED from [:YoumiSdk_v7.5.0_2017-07-18:] AndroidManifest.xml:32:4-46
service#net.youmi.android.ExpService
ADDED from [:YoumiSdk_v7.5.0_2017-07-18:] AndroidManifest.xml:35:3-38:14
	android:exported
		ADDED from [:YoumiSdk_v7.5.0_2017-07-18:] AndroidManifest.xml:37:4-28
	android:name
		ADDED from [:YoumiSdk_v7.5.0_2017-07-18:] AndroidManifest.xml:36:4-47
receiver#net.youmi.android.AdReceiver
ADDED from [:YoumiSdk_v7.5.0_2017-07-18:] AndroidManifest.xml:40:3-45:15
	android:name
		ADDED from [:YoumiSdk_v7.5.0_2017-07-18:] AndroidManifest.xml:40:13-56
intent-filter#android.intent.action.PACKAGE_ADDED
ADDED from [:YoumiSdk_v7.5.0_2017-07-18:] AndroidManifest.xml:41:4-44:21
action#android.intent.action.PACKAGE_ADDED
ADDED from [:YoumiSdk_v7.5.0_2017-07-18:] AndroidManifest.xml:42:5-66
	android:name
		ADDED from [:YoumiSdk_v7.5.0_2017-07-18:] AndroidManifest.xml:42:13-63
data
ADDED from [:YoumiSdk_v7.5.0_2017-07-18:] AndroidManifest.xml:43:5-38
	android:scheme
		ADDED from [:YoumiSdk_v7.5.0_2017-07-18:] AndroidManifest.xml:43:11-35
uses-permission#android.permission.READ_EXTERNAL_STORAGE
IMPLIED from demo\normaldemo\AndroidManifest.xml:2:1-100:13 reason: net.youmi.android requested WRITE_EXTERNAL_STORAGE
meta-data#android.support.VERSION
ADDED from [com.android.support:support-v4:25.3.1] AndroidManifest.xml:25:5-27:34
MERGED from [com.android.support:support-fragment:25.3.1] AndroidManifest.xml:25:5-27:34
MERGED from [com.android.support:support-media-compat:25.3.1] AndroidManifest.xml:25:5-27:34
MERGED from [com.android.support:support-core-ui:25.3.1] AndroidManifest.xml:25:5-27:34
MERGED from [com.android.support:support-core-utils:25.3.1] AndroidManifest.xml:25:5-27:34
MERGED from [com.android.support:support-compat:25.3.1] AndroidManifest.xml:25:5-27:34
	android:value
		ADDED from [com.android.support:support-v4:25.3.1] AndroidManifest.xml:27:9-31
	android:name
		ADDED from [com.android.support:support-v4:25.3.1] AndroidManifest.xml:26:9-47